<?xml version="1.0" encoding="UTF-8"?>
<testng-results skipped="0" failed="0" total="0" passed="0">
  <reporter-output>
  </reporter-output>
  <suite name="carcode-rest-web" duration-ms="3" started-at="2015-01-27T15:43:13Z" finished-at="2015-01-27T15:43:13Z">
    <groups>
    </groups>
    <test name="carcode-rest-web" duration-ms="3" started-at="2015-01-27T15:43:13Z" finished-at="2015-01-27T15:43:13Z">
    </test> <!-- carcode-rest-web -->
  </suite> <!-- carcode-rest-web -->
</testng-results>
